Copyright 1986-2020 Xilinx, Inc. All Rights Reserved.
------------------------------------------------------------------------------------
| Tool Version : Vivado v.2020.2 (lin64) Build 3064766 Wed Nov 18 09:12:47 MST 2020
| Date         : Thu May  6 23:35:25 2021
| Host         : ondra-desktop running 64-bit openSUSE Tumbleweed
| Command      : report_control_sets -verbose -file top_control_sets_placed.rpt
| Design       : top
| Device       : xc7a35ti
------------------------------------------------------------------------------------

Control Set Information

Table of Contents
-----------------
1. Summary
2. Histogram
3. Flip-Flop Distribution
4. Detailed Control Set Information

1. Summary
----------

+----------------------------------------------------------+-------+
|                          Status                          | Count |
+----------------------------------------------------------+-------+
| Total control sets                                       |     5 |
|    Minimum number of control sets                        |     5 |
|    Addition due to synthesis replication                 |     0 |
|    Addition due to physical synthesis replication        |     0 |
| Unused register locations in slices containing registers |    21 |
+----------------------------------------------------------+-------+
* Control sets can be merged at opt_design using control_set_merge or merge_equivalent_drivers
** Run report_qor_suggestions for automated merging and remapping suggestions


2. Histogram
------------

+--------------------+-------+
|       Fanout       | Count |
+--------------------+-------+
| Total control sets |     5 |
| >= 0 to < 4        |     2 |
| >= 4 to < 6        |     2 |
| >= 6 to < 8        |     0 |
| >= 8 to < 10       |     0 |
| >= 10 to < 12      |     0 |
| >= 12 to < 14      |     0 |
| >= 14 to < 16      |     0 |
| >= 16              |     1 |
+--------------------+-------+
* Control sets can be remapped at either synth_design or opt_design


3. Flip-Flop Distribution
-------------------------

+--------------+-----------------------+------------------------+-----------------+--------------+
| Clock Enable | Synchronous Set/Reset | Asynchronous Set/Reset | Total Registers | Total Slices |
+--------------+-----------------------+------------------------+-----------------+--------------+
| No           | No                    | No                     |              11 |            4 |
| No           | No                    | Yes                    |               0 |            0 |
| No           | Yes                   | No                     |              32 |            9 |
| Yes          | No                    | No                     |               0 |            0 |
| Yes          | No                    | Yes                    |               0 |            0 |
| Yes          | Yes                   | No                     |               0 |            0 |
+--------------+-----------------------+------------------------+-----------------+--------------+


4. Detailed Control Set Information
-----------------------------------

+----------------------------------------+---------------+------------------------------------------------+------------------+----------------+--------------+
|              Clock Signal              | Enable Signal |                Set/Reset Signal                | Slice Load Count | Bel Load Count | Bels / Slice |
+----------------------------------------+---------------+------------------------------------------------+------------------+----------------+--------------+
|  display_control/s_rst_r_local0        |               | display_control/s_rst_r_local12_out            |                1 |              1 |         1.00 |
|  CLK100MHZ_IBUF_BUFG                   |               |                                                |                1 |              1 |         1.00 |
|  display_control/clk_en3/s_en_r        |               |                                                |                1 |              5 |         5.00 |
|  display_control/leds_o_reg[4]_i_2_n_0 |               |                                                |                2 |              5 |         2.50 |
|  CLK100MHZ_IBUF_BUFG                   |               | display_control/clk_en3/s_cnt_local[0]_i_1_n_0 |                8 |             31 |         3.88 |
+----------------------------------------+---------------+------------------------------------------------+------------------+----------------+--------------+


